23:48:29 **** Incremental Build of configuration Debug for project CONTROL_ECU ****
make all 
Building file: ../control_main.c
Invoking: AVR Compiler
avr-gcc -Wall -g2 -gstabs -O0 -fpack-struct -fshort-enums -ffunction-sections -fdata-sections -std=gnu99 -funsigned-char -funsigned-bitfields -mmcu=atmega16 -DF_CPU=8000000UL -MMD -MP -MF"control_main.d" -MT"control_main.o" -c -o "control_main.o" "../control_main.c"
../control_main.c:16:1: warning: "F_CPU" redefined
<command-line>: warning: this is the location of the previous definition
In file included from ../control_main.c:20:
c:/winavr-20100110/lib/gcc/../../avr/include/util/delay.h:90:3: warning: #warning "Compiler optimizations disabled; functions from <util/delay.h> won't work as designed"
Finished building: ../control_main.c
 
Building target: CONTROL_ECU.elf
Invoking: AVR C Linker
avr-gcc -Wl,-Map,CONTROL_ECU.map -mmcu=atmega16 -o "CONTROL_ECU.elf"  ./buzzer.o ./control_main.o ./dc_motor.o ./external_eeprom.o ./gpio.o ./timer.o ./twi.o ./uart.o   
Finished building target: CONTROL_ECU.elf
 
Invoking: AVR Create Extended Listing
avr-objdump -h -S CONTROL_ECU.elf  >"CONTROL_ECU.lss"
Finished building: CONTROL_ECU.lss
 
Invoking: Print Size
avr-size --format=avr --mcu=atmega16 CONTROL_ECU.elf
AVR Memory Usage
----------------
Device: atmega16

Program:   12120 bytes (74.0% Full)
(.text + .data + .bootloader)

Data:        321 bytes (31.3% Full)
(.data + .bss + .noinit)


Finished building: sizedummy
 

23:48:30 Build Finished. 0 errors, 2 warnings. (took 856ms)

